<?xml version="1.0" encoding="UTF-8"?>
<coverage generated="1509799625292" clover="3.2.0">
  <project timestamp="1509799625292" name="All files">
    <metrics statements="24" coveredstatements="24" conditionals="9" coveredconditionals="7" methods="2" coveredmethods="2" elements="35" coveredelements="33" complexity="0" loc="24" ncloc="24" packages="3" files="5" classes="5">
      <package name="hyper-materialshell">
        <metrics statements="13" coveredstatements="13" conditionals="9" coveredconditionals="7" methods="2" coveredmethods="2"/>
        <file name="index.js" path="/Users/Carlos/Developer/Github/hyper-materialshell/index.js">
          <metrics statements="13" coveredstatements="13" conditionals="9" coveredconditionals="7" methods="2" coveredmethods="2"/>
          <line num="1" count="1" type="stmt"/>
          <line num="2" count="1" type="stmt"/>
          <line num="3" count="1" type="stmt"/>
          <line num="5" count="1" type="stmt"/>
          <line num="6" count="4" type="cond" truecount="1" falsecount="1"/>
          <line num="7" count="4" type="cond" truecount="3" falsecount="0"/>
          <line num="8" count="1" type="stmt"/>
          <line num="9" count="1" type="stmt"/>
          <line num="10" count="2" type="stmt"/>
          <line num="15" count="1" type="stmt"/>
          <line num="16" count="1" type="cond" truecount="1" falsecount="1"/>
          <line num="18" count="1" type="stmt"/>
          <line num="32" count="1" type="stmt"/>
        </file>
      </package>
      <package name="hyper-materialshell.colorschemes">
        <metrics statements="7" coveredstatements="7" conditionals="0" coveredconditionals="0" methods="0" coveredmethods="0"/>
        <file name="colors.js" path="/Users/Carlos/Developer/Github/hyper-materialshell/colorschemes/colors.js">
          <metrics statements="3" coveredstatements="3" conditionals="0" coveredconditionals="0" methods="0" coveredmethods="0"/>
          <line num="1" count="1" type="stmt"/>
          <line num="2" count="1" type="stmt"/>
          <line num="4" count="1" type="stmt"/>
        </file>
        <file name="dark.js" path="/Users/Carlos/Developer/Github/hyper-materialshell/colorschemes/dark.js">
          <metrics statements="2" coveredstatements="2" conditionals="0" coveredconditionals="0" methods="0" coveredmethods="0"/>
          <line num="1" count="1" type="stmt"/>
          <line num="3" count="1" type="stmt"/>
        </file>
        <file name="oceanic.js" path="/Users/Carlos/Developer/Github/hyper-materialshell/colorschemes/oceanic.js">
          <metrics statements="2" coveredstatements="2" conditionals="0" coveredconditionals="0" methods="0" coveredmethods="0"/>
          <line num="1" count="1" type="stmt"/>
          <line num="3" count="1" type="stmt"/>
        </file>
      </package>
      <package name="hyper-materialshell.tests">
        <metrics statements="4" coveredstatements="4" conditionals="0" coveredconditionals="0" methods="0" coveredmethods="0"/>
        <file name="stubs.js" path="/Users/Carlos/Developer/Github/hyper-materialshell/tests/stubs.js">
          <metrics statements="4" coveredstatements="4" conditionals="0" coveredconditionals="0" methods="0" coveredmethods="0"/>
          <line num="1" count="1" type="stmt"/>
          <line num="5" count="1" type="stmt"/>
          <line num="9" count="1" type="stmt"/>
          <line num="13" count="1" type="stmt"/>
        </file>
      </package>
    </metrics>
  </project>
</coverage>
