{"/Users/Carlos/Developer/Github/hyper-materialshell/index.js": {"path":"/Users/Carlos/Developer/Github/hyper-materialshell/index.js","statementMap":{"0":{"start":{"line":1,"column":15},"end":{"line":1,"column":50}},"1":{"start":{"line":2,"column":21},"end":{"line":2,"column":57}},"2":{"start":{"line":3,"column":18},"end":{"line":3,"column":51}},"3":{"start":{"line":5,"column":23},"end":{"line":13,"column":1}},"4":{"start":{"line":6,"column":2},"end":{"line":12,"column":3}},"5":{"start":{"line":7,"column":4},"end":{"line":11,"column":5}},"6":{"start":{"line":8,"column":22},"end":{"line":8,"column":41}},"7":{"start":{"line":9,"column":19},"end":{"line":9,"column":35}},"8":{"start":{"line":10,"column":15},"end":{"line":10,"column":31}},"9":{"start":{"line":15,"column":23},"end":{"line":30,"column":1}},"10":{"start":{"line":16,"column":16},"end":{"line":16,"column":51}},"11":{"start":{"line":18,"column":2},"end":{"line":29,"column":4}},"12":{"start":{"line":32,"column":0},"end":{"line":35,"column":1}}},"fnMap":{"0":{"name":"(anonymous_0)","decl":{"start":{"line":5,"column":23},"end":{"line":5,"column":24}},"loc":{"start":{"line":5,"column":32},"end":{"line":13,"column":1}},"line":5},"1":{"name":"(anonymous_1)","decl":{"start":{"line":15,"column":23},"end":{"line":15,"column":24}},"loc":{"start":{"line":15,"column":35},"end":{"line":30,"column":1}},"line":15}},"branchMap":{"0":{"loc":{"start":{"line":6,"column":2},"end":{"line":12,"column":3}},"type":"if","locations":[{"start":{"line":6,"column":2},"end":{"line":12,"column":3}},{"start":{"line":6,"column":2},"end":{"line":12,"column":3}}],"line":6},"1":{"loc":{"start":{"line":7,"column":4},"end":{"line":11,"column":5}},"type":"switch","locations":[{"start":{"line":8,"column":6},"end":{"line":8,"column":41}},{"start":{"line":9,"column":6},"end":{"line":9,"column":35}},{"start":{"line":10,"column":6},"end":{"line":10,"column":31}}],"line":7},"2":{"loc":{"start":{"line":16,"column":16},"end":{"line":16,"column":51}},"type":"binary-expr","locations":[{"start":{"line":16,"column":16},"end":{"line":16,"column":38}},{"start":{"line":16,"column":42},"end":{"line":16,"column":51}}],"line":16},"3":{"loc":{"start":{"line":23,"column":12},"end":{"line":23,"column":28}},"type":"binary-expr","locations":[{"start":{"line":23,"column":12},"end":{"line":23,"column":22}},{"start":{"line":23,"column":26},"end":{"line":23,"column":28}}],"line":23}},"s":{"0":1,"1":1,"2":1,"3":1,"4":4,"5":4,"6":1,"7":1,"8":2,"9":1,"10":1,"11":1,"12":1},"f":{"0":4,"1":1},"b":{"0":[4,0],"1":[1,1,2],"2":[1,0],"3":[1,1]},"_coverageSchema":"332fd63041d2c1bcb487cc26dd0d5f7d97098a6c","hash":"24354daa1b90eae4da7c5e5c2d23359fe1a0dd4c"}
,"/Users/Carlos/Developer/Github/hyper-materialshell/colorschemes/colors.js": {"path":"/Users/Carlos/Developer/Github/hyper-materialshell/colorschemes/colors.js","statementMap":{"0":{"start":{"line":1,"column":24},"end":{"line":1,"column":33}},"1":{"start":{"line":2,"column":14},"end":{"line":2,"column":23}},"2":{"start":{"line":4,"column":0},"end":{"line":7,"column":1}}},"fnMap":{},"branchMap":{},"s":{"0":1,"1":1,"2":1},"f":{},"b":{},"_coverageSchema":"332fd63041d2c1bcb487cc26dd0d5f7d97098a6c","hash":"ffbabbc8fb680cd6dd68927a5e8c5a88c613ec35"}
,"/Users/Carlos/Developer/Github/hyper-materialshell/colorschemes/dark.js": {"path":"/Users/Carlos/Developer/Github/hyper-materialshell/colorschemes/dark.js","statementMap":{"0":{"start":{"line":1,"column":15},"end":{"line":1,"column":37}},"1":{"start":{"line":3,"column":0},"end":{"line":23,"column":1}}},"fnMap":{},"branchMap":{},"s":{"0":1,"1":1},"f":{},"b":{},"_coverageSchema":"332fd63041d2c1bcb487cc26dd0d5f7d97098a6c","hash":"c4631baf5c8ec077eb9b858559ebe057a2938ae6"}
,"/Users/Carlos/Developer/Github/hyper-materialshell/colorschemes/oceanic.js": {"path":"/Users/Carlos/Developer/Github/hyper-materialshell/colorschemes/oceanic.js","statementMap":{"0":{"start":{"line":1,"column":15},"end":{"line":1,"column":37}},"1":{"start":{"line":3,"column":0},"end":{"line":23,"column":1}}},"fnMap":{},"branchMap":{},"s":{"0":1,"1":1},"f":{},"b":{},"_coverageSchema":"332fd63041d2c1bcb487cc26dd0d5f7d97098a6c","hash":"1b929a4a8032f655cc081fff38675fe3e37b97e8"}
,"/Users/Carlos/Developer/Github/hyper-materialshell/tests/stubs.js": {"path":"/Users/Carlos/Developer/Github/hyper-materialshell/tests/stubs.js","statementMap":{"0":{"start":{"line":1,"column":22},"end":{"line":3,"column":1}},"1":{"start":{"line":5,"column":19},"end":{"line":7,"column":1}},"2":{"start":{"line":9,"column":22},"end":{"line":11,"column":1}},"3":{"start":{"line":13,"column":0},"end":{"line":17,"column":1}}},"fnMap":{},"branchMap":{},"s":{"0":1,"1":1,"2":1,"3":1},"f":{},"b":{},"_coverageSchema":"332fd63041d2c1bcb487cc26dd0d5f7d97098a6c","hash":"f8f7376bea69bd96e04fef730c8e97bbf637f36f"}
}
