TN:
SF:/Users/Carlos/Developer/Github/hyper-materialshell/index.js
FN:5,(anonymous_0)
FN:15,(anonymous_1)
FNF:2
FNH:2
FNDA:4,(anonymous_0)
FNDA:1,(anonymous_1)
DA:1,1
DA:2,1
DA:3,1
DA:5,1
DA:6,4
DA:7,4
DA:8,1
DA:9,1
DA:10,2
DA:15,1
DA:16,1
DA:18,1
DA:32,1
LF:13
LH:13
BRDA:6,0,0,4
BRDA:6,0,1,0
BRDA:7,1,0,1
BRDA:7,1,1,1
BRDA:7,1,2,2
BRDA:16,2,0,1
BRDA:16,2,1,0
BRDA:23,3,0,1
BRDA:23,3,1,1
BRF:9
BRH:7
end_of_record
TN:
SF:/Users/Carlos/Developer/Github/hyper-materialshell/colorschemes/colors.js
FNF:0
FNH:0
DA:1,1
DA:2,1
DA:4,1
LF:3
LH:3
BRF:0
BRH:0
end_of_record
TN:
SF:/Users/Carlos/Developer/Github/hyper-materialshell/colorschemes/dark.js
FNF:0
FNH:0
DA:1,1
DA:3,1
LF:2
LH:2
BRF:0
BRH:0
end_of_record
TN:
SF:/Users/Carlos/Developer/Github/hyper-materialshell/colorschemes/oceanic.js
FNF:0
FNH:0
DA:1,1
DA:3,1
LF:2
LH:2
BRF:0
BRH:0
end_of_record
TN:
SF:/Users/Carlos/Developer/Github/hyper-materialshell/tests/stubs.js
FNF:0
FNH:0
DA:1,1
DA:5,1
DA:9,1
DA:13,1
LF:4
LH:4
BRF:0
BRH:0
end_of_record
